<?xml version="1.0" encoding="UTF-8"?>
<testng-results ignored="0" total="2" passed="2" failed="0" skipped="0">
  <reporter-output>
  </reporter-output>
  <suite started-at="2025-03-18T11:54:30 IST" name="Default suite" finished-at="2025-03-18T11:54:30 IST" duration-ms="74">
    <groups>
    </groups>
    <test started-at="2025-03-18T11:54:30 IST" name="Default test" finished-at="2025-03-18T11:54:30 IST" duration-ms="74">
      <class name="DAY6_18_03.Test_Annotations">
        <test-method is-config="true" signature="BeforeSuite()[pri:0, instance:DAY6_18_03.Test_Annotations@35dab4eb]" started-at="2025-03-18T11:54:30 IST" name="BeforeSuite" finished-at="2025-03-18T11:54:30 IST" duration-ms="11" status="PASS">
          <reporter-output>
          </reporter-output>
        </test-method> <!-- BeforeSuite -->
        <test-method is-config="true" signature="launchApp()[pri:0, instance:DAY6_18_03.Test_Annotations@35dab4eb]" started-at="2025-03-18T11:54:30 IST" name="launchApp" finished-at="2025-03-18T11:54:30 IST" duration-ms="1" status="PASS">
          <reporter-output>
          </reporter-output>
        </test-method> <!-- launchApp -->
        <test-method is-config="true" signature="BeforeClass()[pri:0, instance:DAY6_18_03.Test_Annotations@35dab4eb]" started-at="2025-03-18T11:54:30 IST" name="BeforeClass" finished-at="2025-03-18T11:54:30 IST" duration-ms="0" status="PASS">
          <reporter-output>
          </reporter-output>
        </test-method> <!-- BeforeClass -->
        <test-method is-config="true" signature="BeforeMethod()[pri:0, instance:DAY6_18_03.Test_Annotations@35dab4eb]" started-at="2025-03-18T11:54:30 IST" name="BeforeMethod" finished-at="2025-03-18T11:54:30 IST" duration-ms="1" status="PASS">
          <reporter-output>
          </reporter-output>
        </test-method> <!-- BeforeMethod -->
        <test-method signature="login()[pri:-100, instance:DAY6_18_03.Test_Annotations@35dab4eb]" started-at="2025-03-18T11:54:30 IST" name="login" finished-at="2025-03-18T11:54:30 IST" duration-ms="8" status="PASS">
          <reporter-output>
          </reporter-output>
        </test-method> <!-- login -->
        <test-method is-config="true" signature="AfterMethod()[pri:0, instance:DAY6_18_03.Test_Annotations@35dab4eb]" started-at="2025-03-18T11:54:30 IST" name="AfterMethod" finished-at="2025-03-18T11:54:30 IST" duration-ms="1" status="PASS">
          <reporter-output>
          </reporter-output>
        </test-method> <!-- AfterMethod -->
        <test-method is-config="true" signature="BeforeMethod()[pri:0, instance:DAY6_18_03.Test_Annotations@35dab4eb]" started-at="2025-03-18T11:54:30 IST" name="BeforeMethod" finished-at="2025-03-18T11:54:30 IST" duration-ms="1" status="PASS">
          <reporter-output>
          </reporter-output>
        </test-method> <!-- BeforeMethod -->
        <test-method signature="logout()[pri:2, instance:DAY6_18_03.Test_Annotations@35dab4eb]" started-at="2025-03-18T11:54:30 IST" name="logout" finished-at="2025-03-18T11:54:30 IST" duration-ms="2" status="PASS">
          <reporter-output>
          </reporter-output>
        </test-method> <!-- logout -->
        <test-method is-config="true" signature="AfterMethod()[pri:0, instance:DAY6_18_03.Test_Annotations@35dab4eb]" started-at="2025-03-18T11:54:30 IST" name="AfterMethod" finished-at="2025-03-18T11:54:30 IST" duration-ms="2" status="PASS">
          <reporter-output>
          </reporter-output>
        </test-method> <!-- AfterMethod -->
        <test-method is-config="true" signature="AfterClass()[pri:0, instance:DAY6_18_03.Test_Annotations@35dab4eb]" started-at="2025-03-18T11:54:30 IST" name="AfterClass" finished-at="2025-03-18T11:54:30 IST" duration-ms="1" status="PASS">
          <reporter-output>
          </reporter-output>
        </test-method> <!-- AfterClass -->
        <test-method is-config="true" signature="closeApp()[pri:0, instance:DAY6_18_03.Test_Annotations@35dab4eb]" started-at="2025-03-18T11:54:30 IST" name="closeApp" finished-at="2025-03-18T11:54:30 IST" duration-ms="1" status="PASS">
          <reporter-output>
          </reporter-output>
        </test-method> <!-- closeApp -->
        <test-method is-config="true" signature="AfterSuite()[pri:0, instance:DAY6_18_03.Test_Annotations@35dab4eb]" started-at="2025-03-18T11:54:30 IST" name="AfterSuite" finished-at="2025-03-18T11:54:30 IST" duration-ms="0" status="PASS">
          <reporter-output>
          </reporter-output>
        </test-method> <!-- AfterSuite -->
      </class> <!-- DAY6_18_03.Test_Annotations -->
    </test> <!-- Default test -->
  </suite> <!-- Default suite -->
</testng-results>
